============================================================
Time  2017/07/28 06:16:39 217 
============================================================
[2017/07/28 06:16:39 217] isr        1659 isr loaded!  
[2017/07/28 06:16:39 217] isr        1642 SYS_MSG_REGCB param0 =   msp_status_cb  param1 =   func(3ac8a88) 
[2017/07/28 06:16:39 217] isr        1537 ASR_MSG_SSB  
[2017/07/28 06:16:39 217] isr        1066 session_begin() [in], params:   sub = iat, domain = iat, language = zh_cn, accent = mandarin, sample_rate = 16000, result_type = plain, result_encoding = gb2312  nil  
[2017/07/28 06:16:39 219] isr        927  vad_set [in]  
[2017/07/28 06:16:39 219] isr        962  vad_enable :  true  
[2017/07/28 06:16:39 219] isr        980  vad_bos :  10000  
[2017/07/28 06:16:39 219] isr        981  vad_eos :  2000  
[2017/07/28 06:16:39 219] isr        886  enable_vad [in]  
[2017/07/28 06:16:39 220] isr        918  vad enabled!  2000  10000  
[2017/07/28 06:16:39 220] isr        921  enable_vad [out]  
[2017/07/28 06:16:39 220] isr        987  vad_set [out] | ret =  0  
[2017/07/28 06:16:39 220] isr        1187 cur_engine_type =   cloud  
[2017/07/28 06:16:39 220] isr        1001 cloud_session_begin  
[2017/07/28 06:16:39 220] isr        1013 standard  
============================================================
Time  2017/07/28 06:17:09 216 
============================================================
[2017/07/28 06:17:09 217] isr        1659 isr loaded!  
[2017/07/28 06:17:09 217] isr        1642 SYS_MSG_REGCB param0 =   msp_status_cb  param1 =   func(3958a88) 
[2017/07/28 06:17:09 217] isr        1537 ASR_MSG_SSB  
[2017/07/28 06:17:09 217] isr        1066 session_begin() [in], params:   sub = iat, domain = iat, language = zh_cn, accent = mandarin, sample_rate = 16000, result_type = plain, result_encoding = gb2312  nil  
[2017/07/28 06:17:09 217] isr        927  vad_set [in]  
[2017/07/28 06:17:09 217] isr        962  vad_enable :  true  
[2017/07/28 06:17:09 217] isr        980  vad_bos :  10000  
[2017/07/28 06:17:09 217] isr        981  vad_eos :  2000  
[2017/07/28 06:17:09 217] isr        886  enable_vad [in]  
[2017/07/28 06:17:09 220] isr        918  vad enabled!  2000  10000  
[2017/07/28 06:17:09 220] isr        921  enable_vad [out]  
[2017/07/28 06:17:09 220] isr        987  vad_set [out] | ret =  0  
[2017/07/28 06:17:09 220] isr        1187 cur_engine_type =   cloud  
[2017/07/28 06:17:09 220] isr        1001 cloud_session_begin  
[2017/07/28 06:17:09 220] isr        1013 standard  
[2017/07/28 06:17:32 375] isr        1547 ASR_MSG_AUW,   cloud  
[2017/07/28 06:17:32 375] isr        1559 6400  1  
[2017/07/28 06:17:32 375] isr        1569 once_bytes:   6400  
[2017/07/28 06:17:32 380] isr        851  [aud] speech start  
[2017/07/28 06:17:32 380] isr        798  1  msc  
[2017/07/28 06:17:39 332] isr        1547 ASR_MSG_AUW,   cloud  
[2017/07/28 06:17:39 332] isr        1559 6400  2  
[2017/07/28 06:17:39 351] isr        700  cloud_status_cb, eps:  1  
[2017/07/28 06:17:39 351] isr        798  1  cloud  
[2017/07/28 06:17:39 351] isr        813  cloud eps ignored  
[2017/07/28 06:17:45 371] isr        1547 ASR_MSG_AUW,   cloud  
[2017/07/28 06:17:45 371] isr        1559 6400  2  
[2017/07/28 06:17:45 571] isr        1547 ASR_MSG_AUW,   cloud  
[2017/07/28 06:17:45 571] isr        1559 6400  2  
[2017/07/28 06:17:45 772] isr        1547 ASR_MSG_AUW,   cloud  
[2017/07/28 06:17:45 772] isr        1559 6400  2  
[2017/07/28 06:17:45 971] isr        1547 ASR_MSG_AUW,   cloud  
[2017/07/28 06:17:45 971] isr        1559 6400  2  
[2017/07/28 06:17:46 173] isr        1547 ASR_MSG_AUW,   cloud  
[2017/07/28 06:17:46 173] isr        1559 6400  2  
[2017/07/28 06:17:46 374] isr        1547 ASR_MSG_AUW,   cloud  
[2017/07/28 06:17:46 374] isr        1559 6400  2  
[2017/07/28 06:17:46 573] isr        1547 ASR_MSG_AUW,   cloud  
[2017/07/28 06:17:46 573] isr        1559 6400  2  
[2017/07/28 06:17:46 775] isr        1547 ASR_MSG_AUW,   cloud  
[2017/07/28 06:17:46 775] isr        1559 6400  2  
[2017/07/28 06:17:46 976] isr        1547 ASR_MSG_AUW,   cloud  
[2017/07/28 06:17:46 976] isr        1559 6400  2  
[2017/07/28 06:17:47 176] isr        1547 ASR_MSG_AUW,   cloud  
[2017/07/28 06:17:47 176] isr        1559 6400  2  
[2017/07/28 06:17:47 377] isr        1547 ASR_MSG_AUW,   cloud  
[2017/07/28 06:17:47 377] isr        1559 6400  2  
[2017/07/28 06:17:47 578] isr        1547 ASR_MSG_AUW,   cloud  
[2017/07/28 06:17:47 578] isr        1559 6400  2  
[2017/07/28 06:17:47 778] isr        1547 ASR_MSG_AUW,   cloud  
[2017/07/28 06:17:47 778] isr        1559 6400  2  
[2017/07/28 06:17:47 980] isr        1547 ASR_MSG_AUW,   cloud  
[2017/07/28 06:17:47 980] isr        1559 6400  2  
[2017/07/28 06:17:48 180] isr        1547 ASR_MSG_AUW,   cloud  
[2017/07/28 06:17:48 180] isr        1559 6400  2  
[2017/07/28 06:17:48 381] isr        1547 ASR_MSG_AUW,   cloud  
[2017/07/28 06:17:48 381] isr        1559 6400  2  
[2017/07/28 06:17:48 582] isr        1547 ASR_MSG_AUW,   cloud  
[2017/07/28 06:17:48 582] isr        1559 6400  2  
[2017/07/28 06:17:48 782] isr        1547 ASR_MSG_AUW,   cloud  
[2017/07/28 06:17:48 782] isr        1559 6400  2  
[2017/07/28 06:17:48 983] isr        1547 ASR_MSG_AUW,   cloud  
[2017/07/28 06:17:48 983] isr        1559 6400  2  
[2017/07/28 06:17:49 183] isr        1547 ASR_MSG_AUW,   cloud  
[2017/07/28 06:17:49 183] isr        1559 6400  2  
[2017/07/28 06:17:49 214] isr        662  cloud_rslt_cb status =   0  
[2017/07/28 06:17:49 214] isr        641  process_result call:  cloud  udata(38cff98) 0  nil  
[2017/07/28 06:17:49 384] isr        1547 ASR_MSG_AUW,   cloud  
[2017/07/28 06:17:49 384] isr        1559 7420  2  
[2017/07/28 06:17:56 647] isr        1547 ASR_MSG_AUW,   cloud  
[2017/07/28 06:17:56 647] isr        1559 0  4  
[2017/07/28 06:17:56 647] isr        1592 aud end, USER  
[2017/07/28 06:17:56 648] isr        854  [aud] speech end  
[2017/07/28 06:17:56 648] isr        798  3  msc  
[2017/07/28 06:17:56 648] isr        1636 ASR_MSG_GRSLT,   cloud  
[2017/07/28 06:17:56 648] isr        1335 0  udata(38cff98) 0  
[2017/07/28 06:18:01 401] isr        691  cloud_err_cb errorcode =   10108  detail =   MSS:bad response:10108  
[2017/07/28 06:18:01 401] isr        399  error occurred:   cloud  10108  
[2017/07/28 06:18:01 533] isr        1636 ASR_MSG_GRSLT,   cloud  
[2017/07/28 06:18:01 533] isr        1335 10108  nil  2  
[2017/07/28 06:18:01 533] isr        1639 ASR_MSG_SSE,   cloud  
[2017/07/28 06:18:01 533] isr        1356 session_end() [in]  
[2017/07/28 06:18:01 533] isr        1421 cloud_session_end() [in]  
[2017/07/28 06:18:01 535] isr        1488 ns_host=  open.xf-yun.com  
[2017/07/28 06:18:01 535] isr        1498 tick()mod=  136000328  
[2017/07/28 06:18:01 535] isr        1499 tick()=  136000328  
[2017/07/28 06:18:01 536] isr        1501 diff=  29032  
[2017/07/28 06:18:01 536] isr        1514 cloud_session_end() [out]  
[2017/07/28 06:18:01 536] isr        1667 isr unload!  
